[debug] [2023-12-04T13:36:43.621Z] ----------------------------------------------------------------------
[debug] [2023-12-04T13:36:43.625Z] Command:       C:\Program Files\nodejs\node.exe C:\Users\hp\AppData\Roaming\npm\node_modules\firebase-tools\lib\bin\firebase.js emulators:start
[debug] [2023-12-04T13:36:43.626Z] CLI Version:   12.9.1
[debug] [2023-12-04T13:36:43.627Z] Platform:      win32
[debug] [2023-12-04T13:36:43.627Z] Node Version:  v20.8.0
[debug] [2023-12-04T13:36:43.627Z] Time:          Mon Dec 04 2023 19:06:43 GMT+0530 (India Standard Time)
[debug] [2023-12-04T13:36:43.627Z] ----------------------------------------------------------------------
[debug] 
[debug] [2023-12-04T13:36:43.857Z] > command requires scopes: ["email","openid","https://www.googleapis.com/auth/cloudplatformprojects.readonly","https://www.googleapis.com/auth/firebase","https://www.googleapis.com/auth/cloud-platform"]
[debug] [2023-12-04T13:36:43.858Z] > authorizing via signed-in user (adelkarshubham47@gmail.com)
[info] i  emulators: Starting emulators: functions, hosting {"metadata":{"emulator":{"name":"hub"},"message":"Starting emulators: functions, hosting"}}
[debug] [2023-12-04T13:36:43.878Z] [logging] Logging Emulator only supports listening on one address (127.0.0.1). Not listening on ::1
[debug] [2023-12-04T13:36:43.878Z] [hosting] Hosting Emulator only supports listening on one address (127.0.0.1). Not listening on ::1
[debug] [2023-12-04T13:36:43.879Z] assigned listening specs for emulators {"user":{"hub":[{"address":"127.0.0.1","family":"IPv4","port":4400},{"address":"::1","family":"IPv6","port":4400}],"ui":[{"address":"127.0.0.1","family":"IPv4","port":4000},{"address":"::1","family":"IPv6","port":4000}],"logging":[{"address":"127.0.0.1","family":"IPv4","port":4500}],"hosting":[{"address":"127.0.0.1","family":"IPv4","port":5000}]},"metadata":{"message":"assigned listening specs for emulators"}}
[debug] [2023-12-04T13:36:43.902Z] [hub] writing locator at C:\Users\hp\AppData\Local\Temp\hub-clone-9beab.json
[debug] [2023-12-04T13:36:43.944Z] [functions] Functions Emulator only supports listening on one address (127.0.0.1). Not listening on ::1
[debug] [2023-12-04T13:36:43.945Z] [eventarc] Eventarc Emulator only supports listening on one address (127.0.0.1). Not listening on ::1
[debug] [2023-12-04T13:36:43.945Z] late-assigned ports for functions and eventarc emulators {"user":{"hub":[{"address":"127.0.0.1","family":"IPv4","port":4400},{"address":"::1","family":"IPv6","port":4400}],"ui":[{"address":"127.0.0.1","family":"IPv4","port":4000},{"address":"::1","family":"IPv6","port":4000}],"logging":[{"address":"127.0.0.1","family":"IPv4","port":4500}],"hosting":[{"address":"127.0.0.1","family":"IPv4","port":5000}],"functions":[{"address":"127.0.0.1","family":"IPv4","port":5001}],"eventarc":[{"address":"127.0.0.1","family":"IPv4","port":9299}]},"metadata":{"message":"late-assigned ports for functions and eventarc emulators"}}
[warn] !  functions: The following emulators are not running, calls to these services from the Functions emulator will affect production: auth, firestore, database, pubsub, storage {"metadata":{"emulator":{"name":"functions"},"message":"The following emulators are not running, calls to these services from the Functions emulator will affect production: \u001b[1mauth, firestore, database, pubsub, storage\u001b[22m"}}
[debug] [2023-12-04T13:36:43.951Z] defaultcredentials: writing to file C:\Users\hp\AppData\Roaming\firebase\adelkarshubham47_gmail_com_application_default_credentials.json
[debug] [2023-12-04T13:36:43.955Z] Setting GAC to C:\Users\hp\AppData\Roaming\firebase\adelkarshubham47_gmail_com_application_default_credentials.json {"metadata":{"emulator":{"name":"functions"},"message":"Setting GAC to C:\\Users\\hp\\AppData\\Roaming\\firebase\\adelkarshubham47_gmail_com_application_default_credentials.json"}}
[debug] [2023-12-04T13:36:43.957Z] > refreshing access token with scopes: []
[debug] [2023-12-04T13:36:43.961Z] >>> [apiv2][query] POST https://www.googleapis.com/oauth2/v3/token [none]
[debug] [2023-12-04T13:36:43.961Z] >>> [apiv2][body] POST https://www.googleapis.com/oauth2/v3/token [omitted]
[debug] [2023-12-04T13:36:43.966Z] *** [apiv2] error from fetch(https://www.googleapis.com/oauth2/v3/token, {"headers":{},"method":"POST","body":{"_overheadLength":545,"_valueLength":212,"_valuesToMeasure":[],"writable":false,"readable":true,"dataSize":0,"maxDataSize":2097152,"pauseStreams":true,"_released":true,"_streams":[],"_currentStream":null,"_insideLoop":false,"_pendingNext":false,"_boundary":"--------------------------304071272643063203678991","_events":{},"_eventsCount":1}}): FetchError: request to https://www.googleapis.com/oauth2/v3/token failed, reason: getaddrinfo ENOTFOUND www.googleapis.com
[debug] [2023-12-04T13:36:43.967Z] Failed to get Admin SDK config for clone-9beab, falling back to cache Failed to get Admin SDK for Firebase project clone-9beab. Please make sure the project exists and your account has permission to access it. {"name":"FirebaseError","children":[],"exit":2,"message":"Failed to get Admin SDK for Firebase project clone-9beab. Please make sure the project exists and your account has permission to access it.","original":{"name":"FirebaseError","children":[],"exit":1,"message":"Authentication Error: Your credentials are no longer valid. Please run \u001b[1mfirebase login --reauth\u001b[22m\n\nFor CI servers and headless environments, generate a new token with \u001b[1mfirebase login:ci\u001b[22m","status":500},"status":500}
[debug] [2023-12-04T13:36:43.989Z] > refreshing access token with scopes: []
[debug] [2023-12-04T13:36:43.991Z] >>> [apiv2][query] POST https://www.googleapis.com/oauth2/v3/token [none]
[debug] [2023-12-04T13:36:43.992Z] >>> [apiv2][body] POST https://www.googleapis.com/oauth2/v3/token [omitted]
[debug] [2023-12-04T13:36:43.998Z] *** [apiv2] error from fetch(https://www.googleapis.com/oauth2/v3/token, {"headers":{},"method":"POST","body":{"_overheadLength":545,"_valueLength":212,"_valuesToMeasure":[],"writable":false,"readable":true,"dataSize":0,"maxDataSize":2097152,"pauseStreams":true,"_released":true,"_streams":[],"_currentStream":null,"_insideLoop":false,"_pendingNext":false,"_boundary":"--------------------------691858519777930004293158","_events":{},"_eventsCount":1}}): FetchError: request to https://www.googleapis.com/oauth2/v3/token failed, reason: getaddrinfo ENOTFOUND www.googleapis.com
[debug] [2023-12-04T13:36:43.998Z] Failed to list hosting sites
[debug] Authentication Error: Your credentials are no longer valid. Please run firebase login --reauth

For CI servers and headless environments, generate a new token with firebase login:ci
[debug] [2023-12-04T13:36:43.998Z] > refreshing access token with scopes: []
[debug] [2023-12-04T13:36:43.999Z] >>> [apiv2][query] POST https://www.googleapis.com/oauth2/v3/token [none]
[debug] [2023-12-04T13:36:43.999Z] >>> [apiv2][body] POST https://www.googleapis.com/oauth2/v3/token [omitted]
[debug] [2023-12-04T13:36:44.003Z] *** [apiv2] error from fetch(https://www.googleapis.com/oauth2/v3/token, {"headers":{},"method":"POST","body":{"_overheadLength":545,"_valueLength":212,"_valuesToMeasure":[],"writable":false,"readable":true,"dataSize":0,"maxDataSize":2097152,"pauseStreams":true,"_released":true,"_streams":[],"_currentStream":null,"_insideLoop":false,"_pendingNext":false,"_boundary":"--------------------------329884406585295617287623","_events":{},"_eventsCount":1}}): FetchError: request to https://www.googleapis.com/oauth2/v3/token failed, reason: getaddrinfo ENOTFOUND www.googleapis.com
[debug] [2023-12-04T13:36:44.003Z] fetchWebSetup error: FirebaseError: Authentication Error: Your credentials are no longer valid. Please run firebase login --reauth

For CI servers and headless environments, generate a new token with firebase login:ci
[warn] !  hosting: Using web app configuration from cache. 
[debug] [2023-12-04T13:36:44.006Z] > refreshing access token with scopes: []
[debug] [2023-12-04T13:36:44.006Z] >>> [apiv2][query] POST https://www.googleapis.com/oauth2/v3/token [none]
[debug] [2023-12-04T13:36:44.007Z] >>> [apiv2][body] POST https://www.googleapis.com/oauth2/v3/token [omitted]
[debug] [2023-12-04T13:36:44.013Z] *** [apiv2] error from fetch(https://www.googleapis.com/oauth2/v3/token, {"headers":{},"method":"POST","body":{"_overheadLength":545,"_valueLength":212,"_valuesToMeasure":[],"writable":false,"readable":true,"dataSize":0,"maxDataSize":2097152,"pauseStreams":true,"_released":true,"_streams":[],"_currentStream":null,"_insideLoop":false,"_pendingNext":false,"_boundary":"--------------------------007176610732740066260002","_events":{},"_eventsCount":1}}): FetchError: request to https://www.googleapis.com/oauth2/v3/token failed, reason: getaddrinfo ENOTFOUND www.googleapis.com
[debug] [2023-12-04T13:36:44.013Z] Authentication Error: Your credentials are no longer valid. Please run firebase login --reauth

For CI servers and headless environments, generate a new token with firebase login:ci
[info] i  hosting[clone-9beab]: Serving hosting files from: build {"metadata":{"emulator":{"name":"hosting"},"message":"Serving hosting files from: \u001b[1mbuild\u001b[22m"}}
[info] +  hosting[clone-9beab]: Local server: http://127.0.0.1:5000 {"metadata":{"emulator":{"name":"hosting"},"message":"Local server: \u001b[4m\u001b[1mhttp://127.0.0.1:5000\u001b[22m\u001b[24m"}}
[debug] [2023-12-04T13:36:44.063Z] Ignoring unsupported arg: auto_download {"metadata":{"emulator":{"name":"ui"},"message":"Ignoring unsupported arg: auto_download"}}
[debug] [2023-12-04T13:36:44.063Z] Ignoring unsupported arg: port {"metadata":{"emulator":{"name":"ui"},"message":"Ignoring unsupported arg: port"}}
[debug] [2023-12-04T13:36:44.063Z] Starting Emulator UI with command {"binary":"node","args":["C:\\Users\\hp\\.cache\\firebase\\emulators\\ui-v1.11.7\\server\\server.js"],"optionalArgs":[],"joinArgs":false} {"metadata":{"emulator":{"name":"ui"},"message":"Starting Emulator UI with command {\"binary\":\"node\",\"args\":[\"C:\\\\Users\\\\hp\\\\.cache\\\\firebase\\\\emulators\\\\ui-v1.11.7\\\\server\\\\server.js\"],\"optionalArgs\":[],\"joinArgs\":false}"}}
[info] i  ui: Emulator UI logging to ui-debug.log {"metadata":{"emulator":{"name":"ui"},"message":"Emulator UI logging to \u001b[1mui-debug.log\u001b[22m"}}
[debug] [2023-12-04T13:36:44.306Z] Web / API server started at 127.0.0.1:4000
 {"metadata":{"emulator":{"name":"ui"},"message":"Web / API server started at 127.0.0.1:4000\n"}}
[debug] [2023-12-04T13:36:44.307Z] Web / API server started at ::1:4000
 {"metadata":{"emulator":{"name":"ui"},"message":"Web / API server started at ::1:4000\n"}}
[info] i  functions: Watching "C:\Users\hp\OneDrive\Desktop\Web Development\react\amazon-clone\functions" for Cloud Functions... {"metadata":{"emulator":{"name":"functions"},"message":"Watching \"C:\\Users\\hp\\OneDrive\\Desktop\\Web Development\\react\\amazon-clone\\functions\" for Cloud Functions..."}}
[debug] [2023-12-04T13:36:44.347Z] Validating nodejs source
[debug] [2023-12-04T13:36:54.395Z] checkFunctionsSDKVersion was unable to fetch information from NPM Error: spawnSync C:\WINDOWS\system32\cmd.exe ETIMEDOUT
    at Object.spawnSync (node:internal/child_process:1124:20)
    at Object.spawnSync (node:child_process:876:24)
    at Function.spawnSync [as sync] (C:\Users\hp\AppData\Roaming\npm\node_modules\firebase-tools\node_modules\cross-spawn\index.js:26:23)
    at Object.getLatestSDKVersion (C:\Users\hp\AppData\Roaming\npm\node_modules\firebase-tools\lib\deploy\functions\runtimes\node\versioning.js:54:25)
    at Object.checkFunctionsSDKVersion (C:\Users\hp\AppData\Roaming\npm\node_modules\firebase-tools\lib\deploy\functions\runtimes\node\versioning.js:74:32)
    at Delegate.validate (C:\Users\hp\AppData\Roaming\npm\node_modules\firebase-tools\lib\deploy\functions\runtimes\node\index.js:84:20)
    at FunctionsEmulator.discoverTriggers (C:\Users\hp\AppData\Roaming\npm\node_modules\firebase-tools\lib\emulator\functionsEmulator.js:296:35)
    at async FunctionsEmulator.loadTriggers (C:\Users\hp\AppData\Roaming\npm\node_modules\firebase-tools\lib\emulator\functionsEmulator.js:325:34)
    at async FunctionsEmulator.connect (C:\Users\hp\AppData\Roaming\npm\node_modules\firebase-tools\lib\emulator\functionsEmulator.js:262:13)
    at async Object.startAll (C:\Users\hp\AppData\Roaming\npm\node_modules\firebase-tools\lib\emulator\controller.js:566:13)
[debug] [2023-12-04T13:36:54.396Z] > [functions] package.json contents: {
  "name": "functions",
  "description": "Cloud Functions for Firebase",
  "scripts": {
    "lint": "eslint .",
    "serve": "firebase emulators:start --only functions",
    "shell": "firebase functions:shell",
    "start": "npm run shell",
    "deploy": "firebase deploy --only functions",
    "logs": "firebase functions:log"
  },
  "engines": {
    "node": "18"
  },
  "main": "index.js",
  "dependencies": {
    "cors": "^2.8.5",
    "express": "^4.18.2",
    "firebase-admin": "^11.8.0",
    "firebase-functions": "^4.3.1"
  },
  "devDependencies": {
    "eslint": "^8.15.0",
    "eslint-config-google": "^0.14.0",
    "firebase-functions-test": "^3.1.0"
  },
  "private": true
}
[debug] [2023-12-04T13:36:54.397Z] Building nodejs source
[debug] [2023-12-04T13:36:54.398Z] Failed to find version of module node: reached end of search path C:\Users\hp\OneDrive\Desktop\Web Development\react\amazon-clone\functions\node_modules
[warn] !  functions: Your requested "node" version "18" doesn't match your global version "20". Using node@20 from host. 
[debug] [2023-12-04T13:36:54.402Z] Could not find functions.yaml. Must use http discovery
[debug] [2023-12-04T13:36:54.433Z] Found firebase-functions binary at 'C:\Users\hp\OneDrive\Desktop\Web Development\react\amazon-clone\functions\node_modules\.bin\firebase-functions'
[info] Serving at port 8752

[debug] [2023-12-04T13:36:55.582Z] Got response from /__/functions.yaml {"endpoints":{"api":{"availableMemoryMb":null,"timeoutSeconds":null,"minInstances":null,"maxInstances":null,"ingressSettings":null,"concurrency":null,"serviceAccountEmail":null,"vpc":null,"platform":"gcfv2","labels":{},"httpsTrigger":{},"entryPoint":"api"}},"specVersion":"v1alpha1","requiredAPIs":[]}
[info] +  functions: Loaded functions definitions from source: api. {"metadata":{"emulator":{"name":"functions"},"message":"Loaded functions definitions from source: api."}}
[info] +  functions[us-central1-api]: http function initialized (http://127.0.0.1:5001/clone-9beab/us-central1/api). {"metadata":{"emulator":{"name":"functions"},"message":"\u001b[1mhttp\u001b[22m function initialized (http://127.0.0.1:5001/clone-9beab/us-central1/api)."}}
[info] 
┌─────────────────────────────────────────────────────────────┐
│ ✔  All emulators ready! It is now safe to connect your app. │
│ i  View Emulator UI at http://127.0.0.1:4000/               │
└─────────────────────────────────────────────────────────────┘

┌───────────┬────────────────┬─────────────────────────────────┐
│ Emulator  │ Host:Port      │ View in Emulator UI             │
├───────────┼────────────────┼─────────────────────────────────┤
│ Functions │ 127.0.0.1:5001 │ http://127.0.0.1:4000/functions │
├───────────┼────────────────┼─────────────────────────────────┤
│ Hosting   │ 127.0.0.1:5000 │ n/a                             │
└───────────┴────────────────┴─────────────────────────────────┘
  Emulator Hub running at 127.0.0.1:4400
  Other reserved ports: 4500

Issues? Report them at https://github.com/firebase/firebase-tools/issues and attach the *-debug.log files.
 
[debug] [2023-12-04T13:37:39.795Z] [work-queue] {"queuedWork":["/clone-9beab/us-central1/api-2023-12-04T13:37:39.795Z"],"queueLength":1,"runningWork":[],"workRunningCount":0}
[debug] [2023-12-04T13:37:39.797Z] [work-queue] {"queuedWork":[],"queueLength":0,"runningWork":["/clone-9beab/us-central1/api-2023-12-04T13:37:39.795Z"],"workRunningCount":1}
[debug] [2023-12-04T13:37:39.799Z] Accepted request GET /clone-9beab/us-central1/api --> us-central1-api
[debug] [2023-12-04T13:37:39.805Z] [functions] Runtime ready! Sending request! {"metadata":{"emulator":{"name":"functions"},"message":"[functions] Runtime ready! Sending request!"}}
[debug] [2023-12-04T13:37:39.807Z] [functions] Got req.url=/clone-9beab/us-central1/api, mapping to path=/ {"metadata":{"emulator":{"name":"functions"},"message":"[functions] Got req.url=/clone-9beab/us-central1/api, mapping to path=/"}}
[debug] [2023-12-04T13:37:39.824Z] [worker-pool] addWorker(us-central1-api) {"metadata":{"emulator":{"name":"functions"},"message":"[worker-pool] addWorker(us-central1-api)"}}
[debug] [2023-12-04T13:37:39.826Z] [worker-pool] Adding worker with key us-central1-api, total=1 {"metadata":{"emulator":{"name":"functions"},"message":"[worker-pool] Adding worker with key us-central1-api, total=1"}}
[debug] [2023-12-04T13:37:42.494Z] [runtime-status] [12172] Resolved module firebase-admin {"declared":true,"installed":true,"version":"11.11.1","resolution":"C:\\Users\\hp\\OneDrive\\Desktop\\Web Development\\react\\amazon-clone\\functions\\node_modules\\firebase-admin\\lib\\index.js"} {"metadata":{"emulator":{"name":"functions"},"function":{"name":"us-central1-api"},"extension":{},"message":"[runtime-status] [12172] Resolved module firebase-admin {\"declared\":true,\"installed\":true,\"version\":\"11.11.1\",\"resolution\":\"C:\\\\Users\\\\hp\\\\OneDrive\\\\Desktop\\\\Web Development\\\\react\\\\amazon-clone\\\\functions\\\\node_modules\\\\firebase-admin\\\\lib\\\\index.js\"}"}}
[debug] [2023-12-04T13:37:42.498Z] [runtime-status] [12172] Resolved module firebase-functions {"declared":true,"installed":true,"version":"4.5.0","resolution":"C:\\Users\\hp\\OneDrive\\Desktop\\Web Development\\react\\amazon-clone\\functions\\node_modules\\firebase-functions\\lib\\v1\\index.js"} {"metadata":{"emulator":{"name":"functions"},"function":{"name":"us-central1-api"},"extension":{},"message":"[runtime-status] [12172] Resolved module firebase-functions {\"declared\":true,\"installed\":true,\"version\":\"4.5.0\",\"resolution\":\"C:\\\\Users\\\\hp\\\\OneDrive\\\\Desktop\\\\Web Development\\\\react\\\\amazon-clone\\\\functions\\\\node_modules\\\\firebase-functions\\\\lib\\\\v1\\\\index.js\"}"}}
[debug] [2023-12-04T13:37:42.499Z] [runtime-status] [12172] Outgoing network have been stubbed. [{"name":"http","status":"mocked"},{"name":"http","status":"mocked"},{"name":"https","status":"mocked"},{"name":"https","status":"mocked"},{"name":"net","status":"mocked"}] {"metadata":{"emulator":{"name":"functions"},"function":{"name":"us-central1-api"},"extension":{},"message":"[runtime-status] [12172] Outgoing network have been stubbed. [{\"name\":\"http\",\"status\":\"mocked\"},{\"name\":\"http\",\"status\":\"mocked\"},{\"name\":\"https\",\"status\":\"mocked\"},{\"name\":\"https\",\"status\":\"mocked\"},{\"name\":\"net\",\"status\":\"mocked\"}]"}}
[debug] [2023-12-04T13:37:42.500Z] [runtime-status] [12172] Resolved module firebase-functions {"declared":true,"installed":true,"version":"4.5.0","resolution":"C:\\Users\\hp\\OneDrive\\Desktop\\Web Development\\react\\amazon-clone\\functions\\node_modules\\firebase-functions\\lib\\v1\\index.js"} {"metadata":{"emulator":{"name":"functions"},"function":{"name":"us-central1-api"},"extension":{},"message":"[runtime-status] [12172] Resolved module firebase-functions {\"declared\":true,\"installed\":true,\"version\":\"4.5.0\",\"resolution\":\"C:\\\\Users\\\\hp\\\\OneDrive\\\\Desktop\\\\Web Development\\\\react\\\\amazon-clone\\\\functions\\\\node_modules\\\\firebase-functions\\\\lib\\\\v1\\\\index.js\"}"}}
[debug] [2023-12-04T13:37:43.009Z] [runtime-status] [12172] Checked functions.config() {"config":{}} {"metadata":{"emulator":{"name":"functions"},"function":{"name":"us-central1-api"},"extension":{},"message":"[runtime-status] [12172] Checked functions.config() {\"config\":{}}"}}
[debug] [2023-12-04T13:37:43.010Z] [runtime-status] [12172] firebase-functions has been stubbed. {"functionsResolution":{"declared":true,"installed":true,"version":"4.5.0","resolution":"C:\\Users\\hp\\OneDrive\\Desktop\\Web Development\\react\\amazon-clone\\functions\\node_modules\\firebase-functions\\lib\\v1\\index.js"}} {"metadata":{"emulator":{"name":"functions"},"function":{"name":"us-central1-api"},"extension":{},"message":"[runtime-status] [12172] firebase-functions has been stubbed. {\"functionsResolution\":{\"declared\":true,\"installed\":true,\"version\":\"4.5.0\",\"resolution\":\"C:\\\\Users\\\\hp\\\\OneDrive\\\\Desktop\\\\Web Development\\\\react\\\\amazon-clone\\\\functions\\\\node_modules\\\\firebase-functions\\\\lib\\\\v1\\\\index.js\"}}"}}
[debug] [2023-12-04T13:37:43.013Z] [runtime-status] [12172] Resolved module firebase-functions {"declared":true,"installed":true,"version":"4.5.0","resolution":"C:\\Users\\hp\\OneDrive\\Desktop\\Web Development\\react\\amazon-clone\\functions\\node_modules\\firebase-functions\\lib\\v1\\index.js"} {"metadata":{"emulator":{"name":"functions"},"function":{"name":"us-central1-api"},"extension":{},"message":"[runtime-status] [12172] Resolved module firebase-functions {\"declared\":true,\"installed\":true,\"version\":\"4.5.0\",\"resolution\":\"C:\\\\Users\\\\hp\\\\OneDrive\\\\Desktop\\\\Web Development\\\\react\\\\amazon-clone\\\\functions\\\\node_modules\\\\firebase-functions\\\\lib\\\\v1\\\\index.js\"}"}}
[debug] [2023-12-04T13:37:43.016Z] [runtime-status] [12172] Resolved module firebase-admin {"declared":true,"installed":true,"version":"11.11.1","resolution":"C:\\Users\\hp\\OneDrive\\Desktop\\Web Development\\react\\amazon-clone\\functions\\node_modules\\firebase-admin\\lib\\index.js"} {"metadata":{"emulator":{"name":"functions"},"function":{"name":"us-central1-api"},"extension":{},"message":"[runtime-status] [12172] Resolved module firebase-admin {\"declared\":true,\"installed\":true,\"version\":\"11.11.1\",\"resolution\":\"C:\\\\Users\\\\hp\\\\OneDrive\\\\Desktop\\\\Web Development\\\\react\\\\amazon-clone\\\\functions\\\\node_modules\\\\firebase-admin\\\\lib\\\\index.js\"}"}}
[debug] [2023-12-04T13:37:43.020Z] [runtime-status] [12172] Resolved module firebase-functions {"declared":true,"installed":true,"version":"4.5.0","resolution":"C:\\Users\\hp\\OneDrive\\Desktop\\Web Development\\react\\amazon-clone\\functions\\node_modules\\firebase-functions\\lib\\v1\\index.js"} {"metadata":{"emulator":{"name":"functions"},"function":{"name":"us-central1-api"},"extension":{},"message":"[runtime-status] [12172] Resolved module firebase-functions {\"declared\":true,\"installed\":true,\"version\":\"4.5.0\",\"resolution\":\"C:\\\\Users\\\\hp\\\\OneDrive\\\\Desktop\\\\Web Development\\\\react\\\\amazon-clone\\\\functions\\\\node_modules\\\\firebase-functions\\\\lib\\\\v1\\\\index.js\"}"}}
[debug] [2023-12-04T13:37:43.022Z] [runtime-status] [12172] firebase-admin has been stubbed. {"adminResolution":{"declared":true,"installed":true,"version":"11.11.1","resolution":"C:\\Users\\hp\\OneDrive\\Desktop\\Web Development\\react\\amazon-clone\\functions\\node_modules\\firebase-admin\\lib\\index.js"}} {"metadata":{"emulator":{"name":"functions"},"function":{"name":"us-central1-api"},"extension":{},"message":"[runtime-status] [12172] firebase-admin has been stubbed. {\"adminResolution\":{\"declared\":true,\"installed\":true,\"version\":\"11.11.1\",\"resolution\":\"C:\\\\Users\\\\hp\\\\OneDrive\\\\Desktop\\\\Web Development\\\\react\\\\amazon-clone\\\\functions\\\\node_modules\\\\firebase-admin\\\\lib\\\\index.js\"}}"}}
[debug] [2023-12-04T13:37:43.440Z] [runtime-status] [12172] Functions runtime initialized. {"cwd":"C:\\Users\\hp\\OneDrive\\Desktop\\Web Development\\react\\amazon-clone\\functions","node_version":"20.8.0"} {"metadata":{"emulator":{"name":"functions"},"function":{"name":"us-central1-api"},"extension":{},"message":"[runtime-status] [12172] Functions runtime initialized. {\"cwd\":\"C:\\\\Users\\\\hp\\\\OneDrive\\\\Desktop\\\\Web Development\\\\react\\\\amazon-clone\\\\functions\",\"node_version\":\"20.8.0\"}"}}
[debug] [2023-12-04T13:37:43.441Z] [runtime-status] [12172] Listening to port: \\?\pipe\fire_emu_fda177c5ac0cc78a {"metadata":{"emulator":{"name":"functions"},"function":{"name":"us-central1-api"},"extension":{},"message":"[runtime-status] [12172] Listening to port: \\\\?\\pipe\\fire_emu_fda177c5ac0cc78a"}}
[debug] [2023-12-04T13:37:43.452Z] [worker-us-central1-api-8df11382-5915-4725-b160-ecada431cad7]: IDLE {"metadata":{"emulator":{"name":"functions"},"function":{"name":"us-central1-api"},"extension":{},"message":"[worker-us-central1-api-8df11382-5915-4725-b160-ecada431cad7]: IDLE"}}
[debug] [2023-12-04T13:37:43.453Z] [worker-pool] submitRequest(triggerId=us-central1-api) {"metadata":{"emulator":{"name":"functions"},"message":"[worker-pool] submitRequest(triggerId=us-central1-api)"}}
[info] i  functions: Beginning execution of "us-central1-api" {"metadata":{"emulator":{"name":"functions"},"function":{"name":"us-central1-api"},"extension":{},"message":"Beginning execution of \"us-central1-api\""}}
[debug] [2023-12-04T13:37:43.455Z] [worker-us-central1-api-8df11382-5915-4725-b160-ecada431cad7]: BUSY {"metadata":{"emulator":{"name":"functions"},"function":{"name":"us-central1-api"},"extension":{},"message":"[worker-us-central1-api-8df11382-5915-4725-b160-ecada431cad7]: BUSY"}}
[debug] [2023-12-04T13:37:43.467Z] Finishing up request with event=pause {"metadata":{"emulator":{"name":"functions"},"function":{"name":"us-central1-api"},"extension":{},"message":"Finishing up request with event=pause"}}
[info] i  functions: Finished "us-central1-api" in 13.1368ms {"metadata":{"emulator":{"name":"functions"},"function":{"name":"us-central1-api"},"extension":{},"message":"Finished \"us-central1-api\" in 13.1368ms"}}
[debug] [2023-12-04T13:37:43.469Z] [worker-us-central1-api-8df11382-5915-4725-b160-ecada431cad7]: IDLE {"metadata":{"emulator":{"name":"functions"},"function":{"name":"us-central1-api"},"extension":{},"message":"[worker-us-central1-api-8df11382-5915-4725-b160-ecada431cad7]: IDLE"}}
[debug] [2023-12-04T13:37:43.470Z] Finishing up request with event=finish {"metadata":{"emulator":{"name":"functions"},"function":{"name":"us-central1-api"},"extension":{},"message":"Finishing up request with event=finish"}}
[debug] [2023-12-04T13:37:43.471Z] Finishing up request with event=close {"metadata":{"emulator":{"name":"functions"},"function":{"name":"us-central1-api"},"extension":{},"message":"Finishing up request with event=close"}}
[debug] [2023-12-04T13:37:43.471Z] [work-queue] {"queuedWork":[],"queueLength":0,"runningWork":[],"workRunningCount":0}
[debug] [2023-12-04T13:38:14.461Z] [work-queue] {"queuedWork":["/clone-9beab/us-central1/api/payments/create-2023-12-04T13:38:14.461Z"],"queueLength":1,"runningWork":[],"workRunningCount":0}
[debug] [2023-12-04T13:38:14.462Z] [work-queue] {"queuedWork":[],"queueLength":0,"runningWork":["/clone-9beab/us-central1/api/payments/create-2023-12-04T13:38:14.461Z"],"workRunningCount":1}
[debug] [2023-12-04T13:38:14.462Z] Accepted request POST /clone-9beab/us-central1/api/payments/create?total=2720 --> us-central1-api
[debug] [2023-12-04T13:38:14.467Z] [functions] Runtime ready! Sending request! {"metadata":{"emulator":{"name":"functions"},"message":"[functions] Runtime ready! Sending request!"}}
[debug] [2023-12-04T13:38:14.468Z] [functions] Got req.url=/clone-9beab/us-central1/api/payments/create?total=2720, mapping to path=/payments/create?total=2720 {"metadata":{"emulator":{"name":"functions"},"message":"[functions] Got req.url=/clone-9beab/us-central1/api/payments/create?total=2720, mapping to path=/payments/create?total=2720"}}
[debug] [2023-12-04T13:38:14.469Z] [worker-pool] submitRequest(triggerId=us-central1-api) {"metadata":{"emulator":{"name":"functions"},"message":"[worker-pool] submitRequest(triggerId=us-central1-api)"}}
[info] i  functions: Beginning execution of "us-central1-api" {"metadata":{"emulator":{"name":"functions"},"function":{"name":"us-central1-api"},"extension":{},"message":"Beginning execution of \"us-central1-api\""}}
[debug] [2023-12-04T13:38:14.473Z] [worker-us-central1-api-8df11382-5915-4725-b160-ecada431cad7]: BUSY {"metadata":{"emulator":{"name":"functions"},"function":{"name":"us-central1-api"},"extension":{},"message":"[worker-us-central1-api-8df11382-5915-4725-b160-ecada431cad7]: BUSY"}}
[debug] [2023-12-04T13:38:14.481Z] [work-queue] {"queuedWork":["/clone-9beab/us-central1/api/payments/create-2023-12-04T13:38:14.480Z"],"queueLength":1,"runningWork":["/clone-9beab/us-central1/api/payments/create-2023-12-04T13:38:14.461Z"],"workRunningCount":1}
[debug] [2023-12-04T13:38:14.481Z] [work-queue] {"queuedWork":[],"queueLength":0,"runningWork":["/clone-9beab/us-central1/api/payments/create-2023-12-04T13:38:14.461Z","/clone-9beab/us-central1/api/payments/create-2023-12-04T13:38:14.480Z"],"workRunningCount":2}
[debug] [2023-12-04T13:38:14.482Z] Accepted request POST /clone-9beab/us-central1/api/payments/create?total=2720 --> us-central1-api
[debug] [2023-12-04T13:38:14.485Z] [functions] Runtime ready! Sending request! {"metadata":{"emulator":{"name":"functions"},"message":"[functions] Runtime ready! Sending request!"}}
[debug] [2023-12-04T13:38:14.486Z] [functions] Got req.url=/clone-9beab/us-central1/api/payments/create?total=2720, mapping to path=/payments/create?total=2720 {"metadata":{"emulator":{"name":"functions"},"message":"[functions] Got req.url=/clone-9beab/us-central1/api/payments/create?total=2720, mapping to path=/payments/create?total=2720"}}
[debug] [2023-12-04T13:38:14.519Z] [worker-pool] addWorker(us-central1-api) {"metadata":{"emulator":{"name":"functions"},"message":"[worker-pool] addWorker(us-central1-api)"}}
[debug] [2023-12-04T13:38:14.520Z] [worker-pool] Adding worker with key us-central1-api, total=2 {"metadata":{"emulator":{"name":"functions"},"message":"[worker-pool] Adding worker with key us-central1-api, total=2"}}
[info] >  Payment Request Recieves BOOM! 2720 {"user":"Payment Request Recieves BOOM! 2720","metadata":{"emulator":{"name":"functions"},"function":{"name":"us-central1-api"},"extension":{},"message":"\u001b[90m> \u001b[39m Payment Request Recieves BOOM! 2720"}}
[info] >  C:\Users\hp\OneDrive\Desktop\Web Development\react\amazon-clone\functions\index.js:24 {"user":"C:\\Users\\hp\\OneDrive\\Desktop\\Web Development\\react\\amazon-clone\\functions\\index.js:24\r","metadata":{"emulator":{"name":"functions"},"function":{"name":"us-central1-api"},"extension":{},"message":"\u001b[90m> \u001b[39m C:\\Users\\hp\\OneDrive\\Desktop\\Web Development\\react\\amazon-clone\\functions\\index.js:24\r"}}
[info] >      const paymentIntent = await stripe.paymentIntent.create({ {"user":"    const paymentIntent = await stripe.paymentIntent.create({\r","metadata":{"emulator":{"name":"functions"},"function":{"name":"us-central1-api"},"extension":{},"message":"\u001b[90m> \u001b[39m     const paymentIntent = await stripe.paymentIntent.create({\r"}}
[info] >                                                       ^ {"user":"                                                     ^\r","metadata":{"emulator":{"name":"functions"},"function":{"name":"us-central1-api"},"extension":{},"message":"\u001b[90m> \u001b[39m                                                      ^\r"}}
[info] >   {"user":"\r","metadata":{"emulator":{"name":"functions"},"function":{"name":"us-central1-api"},"extension":{},"message":"\u001b[90m> \u001b[39m \r"}}
[info] >  TypeError: Cannot read properties of undefined (reading 'create') {"user":"TypeError: Cannot read properties of undefined (reading 'create')\r","metadata":{"emulator":{"name":"functions"},"function":{"name":"us-central1-api"},"extension":{},"message":"\u001b[90m> \u001b[39m TypeError: Cannot read properties of undefined (reading 'create')\r"}}
[info] >      at C:\Users\hp\OneDrive\Desktop\Web Development\react\amazon-clone\functions\index.js:24:54 {"user":"    at C:\\Users\\hp\\OneDrive\\Desktop\\Web Development\\react\\amazon-clone\\functions\\index.js:24:54\r","metadata":{"emulator":{"name":"functions"},"function":{"name":"us-central1-api"},"extension":{},"message":"\u001b[90m> \u001b[39m     at C:\\Users\\hp\\OneDrive\\Desktop\\Web Development\\react\\amazon-clone\\functions\\index.js:24:54\r"}}
[info] >      at Layer.handle [as handle_request] (C:\Users\hp\OneDrive\Desktop\Web Development\react\amazon-clone\functions\node_modules\express\lib\router\layer.js:95:5) {"user":"    at Layer.handle [as handle_request] (C:\\Users\\hp\\OneDrive\\Desktop\\Web Development\\react\\amazon-clone\\functions\\node_modules\\express\\lib\\router\\layer.js:95:5)\r","metadata":{"emulator":{"name":"functions"},"function":{"name":"us-central1-api"},"extension":{},"message":"\u001b[90m> \u001b[39m     at Layer.handle [as handle_request] (C:\\Users\\hp\\OneDrive\\Desktop\\Web Development\\react\\amazon-clone\\functions\\node_modules\\express\\lib\\router\\layer.js:95:5)\r"}}
[info] >      at next (C:\Users\hp\OneDrive\Desktop\Web Development\react\amazon-clone\functions\node_modules\express\lib\router\route.js:144:13) {"user":"    at next (C:\\Users\\hp\\OneDrive\\Desktop\\Web Development\\react\\amazon-clone\\functions\\node_modules\\express\\lib\\router\\route.js:144:13)\r","metadata":{"emulator":{"name":"functions"},"function":{"name":"us-central1-api"},"extension":{},"message":"\u001b[90m> \u001b[39m     at next (C:\\Users\\hp\\OneDrive\\Desktop\\Web Development\\react\\amazon-clone\\functions\\node_modules\\express\\lib\\router\\route.js:144:13)\r"}}
[info] >      at Route.dispatch (C:\Users\hp\OneDrive\Desktop\Web Development\react\amazon-clone\functions\node_modules\express\lib\router\route.js:114:3) {"user":"    at Route.dispatch (C:\\Users\\hp\\OneDrive\\Desktop\\Web Development\\react\\amazon-clone\\functions\\node_modules\\express\\lib\\router\\route.js:114:3)\r","metadata":{"emulator":{"name":"functions"},"function":{"name":"us-central1-api"},"extension":{},"message":"\u001b[90m> \u001b[39m     at Route.dispatch (C:\\Users\\hp\\OneDrive\\Desktop\\Web Development\\react\\amazon-clone\\functions\\node_modules\\express\\lib\\router\\route.js:114:3)\r"}}
[info] >      at Layer.handle [as handle_request] (C:\Users\hp\OneDrive\Desktop\Web Development\react\amazon-clone\functions\node_modules\express\lib\router\layer.js:95:5) {"user":"    at Layer.handle [as handle_request] (C:\\Users\\hp\\OneDrive\\Desktop\\Web Development\\react\\amazon-clone\\functions\\node_modules\\express\\lib\\router\\layer.js:95:5)\r","metadata":{"emulator":{"name":"functions"},"function":{"name":"us-central1-api"},"extension":{},"message":"\u001b[90m> \u001b[39m     at Layer.handle [as handle_request] (C:\\Users\\hp\\OneDrive\\Desktop\\Web Development\\react\\amazon-clone\\functions\\node_modules\\express\\lib\\router\\layer.js:95:5)\r"}}
[info] >      at C:\Users\hp\OneDrive\Desktop\Web Development\react\amazon-clone\functions\node_modules\express\lib\router\index.js:284:15 {"user":"    at C:\\Users\\hp\\OneDrive\\Desktop\\Web Development\\react\\amazon-clone\\functions\\node_modules\\express\\lib\\router\\index.js:284:15\r","metadata":{"emulator":{"name":"functions"},"function":{"name":"us-central1-api"},"extension":{},"message":"\u001b[90m> \u001b[39m     at C:\\Users\\hp\\OneDrive\\Desktop\\Web Development\\react\\amazon-clone\\functions\\node_modules\\express\\lib\\router\\index.js:284:15\r"}}
[info] >      at Function.process_params (C:\Users\hp\OneDrive\Desktop\Web Development\react\amazon-clone\functions\node_modules\express\lib\router\index.js:346:12) {"user":"    at Function.process_params (C:\\Users\\hp\\OneDrive\\Desktop\\Web Development\\react\\amazon-clone\\functions\\node_modules\\express\\lib\\router\\index.js:346:12)\r","metadata":{"emulator":{"name":"functions"},"function":{"name":"us-central1-api"},"extension":{},"message":"\u001b[90m> \u001b[39m     at Function.process_params (C:\\Users\\hp\\OneDrive\\Desktop\\Web Development\\react\\amazon-clone\\functions\\node_modules\\express\\lib\\router\\index.js:346:12)\r"}}
[info] >      at next (C:\Users\hp\OneDrive\Desktop\Web Development\react\amazon-clone\functions\node_modules\express\lib\router\index.js:280:10) {"user":"    at next (C:\\Users\\hp\\OneDrive\\Desktop\\Web Development\\react\\amazon-clone\\functions\\node_modules\\express\\lib\\router\\index.js:280:10)\r","metadata":{"emulator":{"name":"functions"},"function":{"name":"us-central1-api"},"extension":{},"message":"\u001b[90m> \u001b[39m     at next (C:\\Users\\hp\\OneDrive\\Desktop\\Web Development\\react\\amazon-clone\\functions\\node_modules\\express\\lib\\router\\index.js:280:10)\r"}}
[info] >      at jsonParser (C:\Users\hp\OneDrive\Desktop\Web Development\react\amazon-clone\functions\node_modules\body-parser\lib\types\json.js:119:7) {"user":"    at jsonParser (C:\\Users\\hp\\OneDrive\\Desktop\\Web Development\\react\\amazon-clone\\functions\\node_modules\\body-parser\\lib\\types\\json.js:119:7)\r","metadata":{"emulator":{"name":"functions"},"function":{"name":"us-central1-api"},"extension":{},"message":"\u001b[90m> \u001b[39m     at jsonParser (C:\\Users\\hp\\OneDrive\\Desktop\\Web Development\\react\\amazon-clone\\functions\\node_modules\\body-parser\\lib\\types\\json.js:119:7)\r"}}
[info] >      at Layer.handle [as handle_request] (C:\Users\hp\OneDrive\Desktop\Web Development\react\amazon-clone\functions\node_modules\express\lib\router\layer.js:95:5) {"user":"    at Layer.handle [as handle_request] (C:\\Users\\hp\\OneDrive\\Desktop\\Web Development\\react\\amazon-clone\\functions\\node_modules\\express\\lib\\router\\layer.js:95:5)\r","metadata":{"emulator":{"name":"functions"},"function":{"name":"us-central1-api"},"extension":{},"message":"\u001b[90m> \u001b[39m     at Layer.handle [as handle_request] (C:\\Users\\hp\\OneDrive\\Desktop\\Web Development\\react\\amazon-clone\\functions\\node_modules\\express\\lib\\router\\layer.js:95:5)\r"}}
[info] >   {"user":"\r","metadata":{"emulator":{"name":"functions"},"function":{"name":"us-central1-api"},"extension":{},"message":"\u001b[90m> \u001b[39m \r"}}
[info] >  Node.js v20.8.0 {"user":"Node.js v20.8.0\r","metadata":{"emulator":{"name":"functions"},"function":{"name":"us-central1-api"},"extension":{},"message":"\u001b[90m> \u001b[39m Node.js v20.8.0\r"}}
[error] i  Request to function failed: Error: socket hang up {"metadata":{"emulator":{"name":"functions"},"function":{"name":"us-central1-api"},"extension":{},"message":"Request to function failed: Error: socket hang up"}}
[debug] [2023-12-04T13:38:14.661Z] [work-queue] {"queuedWork":[],"queueLength":0,"runningWork":["/clone-9beab/us-central1/api/payments/create-2023-12-04T13:38:14.480Z"],"workRunningCount":1}
[debug] [2023-12-04T13:38:14.665Z] [worker-us-central1-api-8df11382-5915-4725-b160-ecada431cad7]: exited {"metadata":{"emulator":{"name":"functions"},"function":{"name":"us-central1-api"},"extension":{},"message":"[worker-us-central1-api-8df11382-5915-4725-b160-ecada431cad7]: exited"}}
[debug] [2023-12-04T13:38:14.666Z] [worker-us-central1-api-8df11382-5915-4725-b160-ecada431cad7]: FINISHED {"metadata":{"emulator":{"name":"functions"},"function":{"name":"us-central1-api"},"extension":{},"message":"[worker-us-central1-api-8df11382-5915-4725-b160-ecada431cad7]: FINISHED"}}
[debug] [2023-12-04T13:38:17.116Z] [runtime-status] [5384] Resolved module firebase-admin {"declared":true,"installed":true,"version":"11.11.1","resolution":"C:\\Users\\hp\\OneDrive\\Desktop\\Web Development\\react\\amazon-clone\\functions\\node_modules\\firebase-admin\\lib\\index.js"} {"metadata":{"emulator":{"name":"functions"},"function":{"name":"us-central1-api"},"extension":{},"message":"[runtime-status] [5384] Resolved module firebase-admin {\"declared\":true,\"installed\":true,\"version\":\"11.11.1\",\"resolution\":\"C:\\\\Users\\\\hp\\\\OneDrive\\\\Desktop\\\\Web Development\\\\react\\\\amazon-clone\\\\functions\\\\node_modules\\\\firebase-admin\\\\lib\\\\index.js\"}"}}
[debug] [2023-12-04T13:38:17.120Z] [runtime-status] [5384] Resolved module firebase-functions {"declared":true,"installed":true,"version":"4.5.0","resolution":"C:\\Users\\hp\\OneDrive\\Desktop\\Web Development\\react\\amazon-clone\\functions\\node_modules\\firebase-functions\\lib\\v1\\index.js"} {"metadata":{"emulator":{"name":"functions"},"function":{"name":"us-central1-api"},"extension":{},"message":"[runtime-status] [5384] Resolved module firebase-functions {\"declared\":true,\"installed\":true,\"version\":\"4.5.0\",\"resolution\":\"C:\\\\Users\\\\hp\\\\OneDrive\\\\Desktop\\\\Web Development\\\\react\\\\amazon-clone\\\\functions\\\\node_modules\\\\firebase-functions\\\\lib\\\\v1\\\\index.js\"}"}}
[debug] [2023-12-04T13:38:17.122Z] [runtime-status] [5384] Outgoing network have been stubbed. [{"name":"http","status":"mocked"},{"name":"http","status":"mocked"},{"name":"https","status":"mocked"},{"name":"https","status":"mocked"},{"name":"net","status":"mocked"}] {"metadata":{"emulator":{"name":"functions"},"function":{"name":"us-central1-api"},"extension":{},"message":"[runtime-status] [5384] Outgoing network have been stubbed. [{\"name\":\"http\",\"status\":\"mocked\"},{\"name\":\"http\",\"status\":\"mocked\"},{\"name\":\"https\",\"status\":\"mocked\"},{\"name\":\"https\",\"status\":\"mocked\"},{\"name\":\"net\",\"status\":\"mocked\"}]"}}
[debug] [2023-12-04T13:38:17.124Z] [runtime-status] [5384] Resolved module firebase-functions {"declared":true,"installed":true,"version":"4.5.0","resolution":"C:\\Users\\hp\\OneDrive\\Desktop\\Web Development\\react\\amazon-clone\\functions\\node_modules\\firebase-functions\\lib\\v1\\index.js"} {"metadata":{"emulator":{"name":"functions"},"function":{"name":"us-central1-api"},"extension":{},"message":"[runtime-status] [5384] Resolved module firebase-functions {\"declared\":true,\"installed\":true,\"version\":\"4.5.0\",\"resolution\":\"C:\\\\Users\\\\hp\\\\OneDrive\\\\Desktop\\\\Web Development\\\\react\\\\amazon-clone\\\\functions\\\\node_modules\\\\firebase-functions\\\\lib\\\\v1\\\\index.js\"}"}}
[debug] [2023-12-04T13:38:17.626Z] [runtime-status] [5384] Checked functions.config() {"config":{}} {"metadata":{"emulator":{"name":"functions"},"function":{"name":"us-central1-api"},"extension":{},"message":"[runtime-status] [5384] Checked functions.config() {\"config\":{}}"}}
[debug] [2023-12-04T13:38:17.627Z] [runtime-status] [5384] firebase-functions has been stubbed. {"functionsResolution":{"declared":true,"installed":true,"version":"4.5.0","resolution":"C:\\Users\\hp\\OneDrive\\Desktop\\Web Development\\react\\amazon-clone\\functions\\node_modules\\firebase-functions\\lib\\v1\\index.js"}} {"metadata":{"emulator":{"name":"functions"},"function":{"name":"us-central1-api"},"extension":{},"message":"[runtime-status] [5384] firebase-functions has been stubbed. {\"functionsResolution\":{\"declared\":true,\"installed\":true,\"version\":\"4.5.0\",\"resolution\":\"C:\\\\Users\\\\hp\\\\OneDrive\\\\Desktop\\\\Web Development\\\\react\\\\amazon-clone\\\\functions\\\\node_modules\\\\firebase-functions\\\\lib\\\\v1\\\\index.js\"}}"}}
[debug] [2023-12-04T13:38:17.628Z] [runtime-status] [5384] Resolved module firebase-functions {"declared":true,"installed":true,"version":"4.5.0","resolution":"C:\\Users\\hp\\OneDrive\\Desktop\\Web Development\\react\\amazon-clone\\functions\\node_modules\\firebase-functions\\lib\\v1\\index.js"} {"metadata":{"emulator":{"name":"functions"},"function":{"name":"us-central1-api"},"extension":{},"message":"[runtime-status] [5384] Resolved module firebase-functions {\"declared\":true,\"installed\":true,\"version\":\"4.5.0\",\"resolution\":\"C:\\\\Users\\\\hp\\\\OneDrive\\\\Desktop\\\\Web Development\\\\react\\\\amazon-clone\\\\functions\\\\node_modules\\\\firebase-functions\\\\lib\\\\v1\\\\index.js\"}"}}
[debug] [2023-12-04T13:38:17.631Z] [runtime-status] [5384] Resolved module firebase-admin {"declared":true,"installed":true,"version":"11.11.1","resolution":"C:\\Users\\hp\\OneDrive\\Desktop\\Web Development\\react\\amazon-clone\\functions\\node_modules\\firebase-admin\\lib\\index.js"} {"metadata":{"emulator":{"name":"functions"},"function":{"name":"us-central1-api"},"extension":{},"message":"[runtime-status] [5384] Resolved module firebase-admin {\"declared\":true,\"installed\":true,\"version\":\"11.11.1\",\"resolution\":\"C:\\\\Users\\\\hp\\\\OneDrive\\\\Desktop\\\\Web Development\\\\react\\\\amazon-clone\\\\functions\\\\node_modules\\\\firebase-admin\\\\lib\\\\index.js\"}"}}
[debug] [2023-12-04T13:38:17.635Z] [runtime-status] [5384] Resolved module firebase-functions {"declared":true,"installed":true,"version":"4.5.0","resolution":"C:\\Users\\hp\\OneDrive\\Desktop\\Web Development\\react\\amazon-clone\\functions\\node_modules\\firebase-functions\\lib\\v1\\index.js"} {"metadata":{"emulator":{"name":"functions"},"function":{"name":"us-central1-api"},"extension":{},"message":"[runtime-status] [5384] Resolved module firebase-functions {\"declared\":true,\"installed\":true,\"version\":\"4.5.0\",\"resolution\":\"C:\\\\Users\\\\hp\\\\OneDrive\\\\Desktop\\\\Web Development\\\\react\\\\amazon-clone\\\\functions\\\\node_modules\\\\firebase-functions\\\\lib\\\\v1\\\\index.js\"}"}}
[debug] [2023-12-04T13:38:17.636Z] [runtime-status] [5384] firebase-admin has been stubbed. {"adminResolution":{"declared":true,"installed":true,"version":"11.11.1","resolution":"C:\\Users\\hp\\OneDrive\\Desktop\\Web Development\\react\\amazon-clone\\functions\\node_modules\\firebase-admin\\lib\\index.js"}} {"metadata":{"emulator":{"name":"functions"},"function":{"name":"us-central1-api"},"extension":{},"message":"[runtime-status] [5384] firebase-admin has been stubbed. {\"adminResolution\":{\"declared\":true,\"installed\":true,\"version\":\"11.11.1\",\"resolution\":\"C:\\\\Users\\\\hp\\\\OneDrive\\\\Desktop\\\\Web Development\\\\react\\\\amazon-clone\\\\functions\\\\node_modules\\\\firebase-admin\\\\lib\\\\index.js\"}}"}}
[debug] [2023-12-04T13:38:18.054Z] [runtime-status] [5384] Functions runtime initialized. {"cwd":"C:\\Users\\hp\\OneDrive\\Desktop\\Web Development\\react\\amazon-clone\\functions","node_version":"20.8.0"} {"metadata":{"emulator":{"name":"functions"},"function":{"name":"us-central1-api"},"extension":{},"message":"[runtime-status] [5384] Functions runtime initialized. {\"cwd\":\"C:\\\\Users\\\\hp\\\\OneDrive\\\\Desktop\\\\Web Development\\\\react\\\\amazon-clone\\\\functions\",\"node_version\":\"20.8.0\"}"}}
[debug] [2023-12-04T13:38:18.055Z] [runtime-status] [5384] Listening to port: \\?\pipe\fire_emu_690d6247e46c51a1 {"metadata":{"emulator":{"name":"functions"},"function":{"name":"us-central1-api"},"extension":{},"message":"[runtime-status] [5384] Listening to port: \\\\?\\pipe\\fire_emu_690d6247e46c51a1"}}
[debug] [2023-12-04T13:38:18.107Z] [worker-us-central1-api-9f093166-f406-4e78-a497-4c7579858811]: IDLE {"metadata":{"emulator":{"name":"functions"},"function":{"name":"us-central1-api"},"extension":{},"message":"[worker-us-central1-api-9f093166-f406-4e78-a497-4c7579858811]: IDLE"}}
[debug] [2023-12-04T13:38:18.108Z] [worker-pool] submitRequest(triggerId=us-central1-api) {"metadata":{"emulator":{"name":"functions"},"message":"[worker-pool] submitRequest(triggerId=us-central1-api)"}}
[debug] [2023-12-04T13:38:18.108Z] [worker-pool] Cleaned up workers for us-central1-api: 2 --> 1 {"metadata":{"emulator":{"name":"functions"},"message":"[worker-pool] Cleaned up workers for us-central1-api: 2 --> 1"}}
[info] i  functions: Beginning execution of "us-central1-api" {"metadata":{"emulator":{"name":"functions"},"function":{"name":"us-central1-api"},"extension":{},"message":"Beginning execution of \"us-central1-api\""}}
[debug] [2023-12-04T13:38:18.110Z] [worker-us-central1-api-9f093166-f406-4e78-a497-4c7579858811]: BUSY {"metadata":{"emulator":{"name":"functions"},"function":{"name":"us-central1-api"},"extension":{},"message":"[worker-us-central1-api-9f093166-f406-4e78-a497-4c7579858811]: BUSY"}}
[info] >  Payment Request Recieves BOOM! 2720 {"user":"Payment Request Recieves BOOM! 2720","metadata":{"emulator":{"name":"functions"},"function":{"name":"us-central1-api"},"extension":{},"message":"\u001b[90m> \u001b[39m Payment Request Recieves BOOM! 2720"}}
[info] >  C:\Users\hp\OneDrive\Desktop\Web Development\react\amazon-clone\functions\index.js:24 {"user":"C:\\Users\\hp\\OneDrive\\Desktop\\Web Development\\react\\amazon-clone\\functions\\index.js:24\r","metadata":{"emulator":{"name":"functions"},"function":{"name":"us-central1-api"},"extension":{},"message":"\u001b[90m> \u001b[39m C:\\Users\\hp\\OneDrive\\Desktop\\Web Development\\react\\amazon-clone\\functions\\index.js:24\r"}}
[info] >      const paymentIntent = await stripe.paymentIntent.create({ {"user":"    const paymentIntent = await stripe.paymentIntent.create({\r","metadata":{"emulator":{"name":"functions"},"function":{"name":"us-central1-api"},"extension":{},"message":"\u001b[90m> \u001b[39m     const paymentIntent = await stripe.paymentIntent.create({\r"}}
[info] >                                                       ^ {"user":"                                                     ^\r","metadata":{"emulator":{"name":"functions"},"function":{"name":"us-central1-api"},"extension":{},"message":"\u001b[90m> \u001b[39m                                                      ^\r"}}
[info] >   {"user":"\r","metadata":{"emulator":{"name":"functions"},"function":{"name":"us-central1-api"},"extension":{},"message":"\u001b[90m> \u001b[39m \r"}}
[info] >  TypeError: Cannot read properties of undefined (reading 'create') {"user":"TypeError: Cannot read properties of undefined (reading 'create')\r","metadata":{"emulator":{"name":"functions"},"function":{"name":"us-central1-api"},"extension":{},"message":"\u001b[90m> \u001b[39m TypeError: Cannot read properties of undefined (reading 'create')\r"}}
[info] >      at C:\Users\hp\OneDrive\Desktop\Web Development\react\amazon-clone\functions\index.js:24:54 {"user":"    at C:\\Users\\hp\\OneDrive\\Desktop\\Web Development\\react\\amazon-clone\\functions\\index.js:24:54\r","metadata":{"emulator":{"name":"functions"},"function":{"name":"us-central1-api"},"extension":{},"message":"\u001b[90m> \u001b[39m     at C:\\Users\\hp\\OneDrive\\Desktop\\Web Development\\react\\amazon-clone\\functions\\index.js:24:54\r"}}
[info] >      at Layer.handle [as handle_request] (C:\Users\hp\OneDrive\Desktop\Web Development\react\amazon-clone\functions\node_modules\express\lib\router\layer.js:95:5) {"user":"    at Layer.handle [as handle_request] (C:\\Users\\hp\\OneDrive\\Desktop\\Web Development\\react\\amazon-clone\\functions\\node_modules\\express\\lib\\router\\layer.js:95:5)\r","metadata":{"emulator":{"name":"functions"},"function":{"name":"us-central1-api"},"extension":{},"message":"\u001b[90m> \u001b[39m     at Layer.handle [as handle_request] (C:\\Users\\hp\\OneDrive\\Desktop\\Web Development\\react\\amazon-clone\\functions\\node_modules\\express\\lib\\router\\layer.js:95:5)\r"}}
[info] >      at next (C:\Users\hp\OneDrive\Desktop\Web Development\react\amazon-clone\functions\node_modules\express\lib\router\route.js:144:13) {"user":"    at next (C:\\Users\\hp\\OneDrive\\Desktop\\Web Development\\react\\amazon-clone\\functions\\node_modules\\express\\lib\\router\\route.js:144:13)\r","metadata":{"emulator":{"name":"functions"},"function":{"name":"us-central1-api"},"extension":{},"message":"\u001b[90m> \u001b[39m     at next (C:\\Users\\hp\\OneDrive\\Desktop\\Web Development\\react\\amazon-clone\\functions\\node_modules\\express\\lib\\router\\route.js:144:13)\r"}}
[info] >      at Route.dispatch (C:\Users\hp\OneDrive\Desktop\Web Development\react\amazon-clone\functions\node_modules\express\lib\router\route.js:114:3) {"user":"    at Route.dispatch (C:\\Users\\hp\\OneDrive\\Desktop\\Web Development\\react\\amazon-clone\\functions\\node_modules\\express\\lib\\router\\route.js:114:3)\r","metadata":{"emulator":{"name":"functions"},"function":{"name":"us-central1-api"},"extension":{},"message":"\u001b[90m> \u001b[39m     at Route.dispatch (C:\\Users\\hp\\OneDrive\\Desktop\\Web Development\\react\\amazon-clone\\functions\\node_modules\\express\\lib\\router\\route.js:114:3)\r"}}
[info] >      at Layer.handle [as handle_request] (C:\Users\hp\OneDrive\Desktop\Web Development\react\amazon-clone\functions\node_modules\express\lib\router\layer.js:95:5) {"user":"    at Layer.handle [as handle_request] (C:\\Users\\hp\\OneDrive\\Desktop\\Web Development\\react\\amazon-clone\\functions\\node_modules\\express\\lib\\router\\layer.js:95:5)\r","metadata":{"emulator":{"name":"functions"},"function":{"name":"us-central1-api"},"extension":{},"message":"\u001b[90m> \u001b[39m     at Layer.handle [as handle_request] (C:\\Users\\hp\\OneDrive\\Desktop\\Web Development\\react\\amazon-clone\\functions\\node_modules\\express\\lib\\router\\layer.js:95:5)\r"}}
[info] >      at C:\Users\hp\OneDrive\Desktop\Web Development\react\amazon-clone\functions\node_modules\express\lib\router\index.js:284:15 {"user":"    at C:\\Users\\hp\\OneDrive\\Desktop\\Web Development\\react\\amazon-clone\\functions\\node_modules\\express\\lib\\router\\index.js:284:15\r","metadata":{"emulator":{"name":"functions"},"function":{"name":"us-central1-api"},"extension":{},"message":"\u001b[90m> \u001b[39m     at C:\\Users\\hp\\OneDrive\\Desktop\\Web Development\\react\\amazon-clone\\functions\\node_modules\\express\\lib\\router\\index.js:284:15\r"}}
[info] >      at Function.process_params (C:\Users\hp\OneDrive\Desktop\Web Development\react\amazon-clone\functions\node_modules\express\lib\router\index.js:346:12) {"user":"    at Function.process_params (C:\\Users\\hp\\OneDrive\\Desktop\\Web Development\\react\\amazon-clone\\functions\\node_modules\\express\\lib\\router\\index.js:346:12)\r","metadata":{"emulator":{"name":"functions"},"function":{"name":"us-central1-api"},"extension":{},"message":"\u001b[90m> \u001b[39m     at Function.process_params (C:\\Users\\hp\\OneDrive\\Desktop\\Web Development\\react\\amazon-clone\\functions\\node_modules\\express\\lib\\router\\index.js:346:12)\r"}}
[info] >      at next (C:\Users\hp\OneDrive\Desktop\Web Development\react\amazon-clone\functions\node_modules\express\lib\router\index.js:280:10) {"user":"    at next (C:\\Users\\hp\\OneDrive\\Desktop\\Web Development\\react\\amazon-clone\\functions\\node_modules\\express\\lib\\router\\index.js:280:10)\r","metadata":{"emulator":{"name":"functions"},"function":{"name":"us-central1-api"},"extension":{},"message":"\u001b[90m> \u001b[39m     at next (C:\\Users\\hp\\OneDrive\\Desktop\\Web Development\\react\\amazon-clone\\functions\\node_modules\\express\\lib\\router\\index.js:280:10)\r"}}
[info] >      at jsonParser (C:\Users\hp\OneDrive\Desktop\Web Development\react\amazon-clone\functions\node_modules\body-parser\lib\types\json.js:119:7) {"user":"    at jsonParser (C:\\Users\\hp\\OneDrive\\Desktop\\Web Development\\react\\amazon-clone\\functions\\node_modules\\body-parser\\lib\\types\\json.js:119:7)\r","metadata":{"emulator":{"name":"functions"},"function":{"name":"us-central1-api"},"extension":{},"message":"\u001b[90m> \u001b[39m     at jsonParser (C:\\Users\\hp\\OneDrive\\Desktop\\Web Development\\react\\amazon-clone\\functions\\node_modules\\body-parser\\lib\\types\\json.js:119:7)\r"}}
[info] >      at Layer.handle [as handle_request] (C:\Users\hp\OneDrive\Desktop\Web Development\react\amazon-clone\functions\node_modules\express\lib\router\layer.js:95:5) {"user":"    at Layer.handle [as handle_request] (C:\\Users\\hp\\OneDrive\\Desktop\\Web Development\\react\\amazon-clone\\functions\\node_modules\\express\\lib\\router\\layer.js:95:5)\r","metadata":{"emulator":{"name":"functions"},"function":{"name":"us-central1-api"},"extension":{},"message":"\u001b[90m> \u001b[39m     at Layer.handle [as handle_request] (C:\\Users\\hp\\OneDrive\\Desktop\\Web Development\\react\\amazon-clone\\functions\\node_modules\\express\\lib\\router\\layer.js:95:5)\r"}}
[info] >   {"user":"\r","metadata":{"emulator":{"name":"functions"},"function":{"name":"us-central1-api"},"extension":{},"message":"\u001b[90m> \u001b[39m \r"}}
[info] >  Node.js v20.8.0 {"user":"Node.js v20.8.0\r","metadata":{"emulator":{"name":"functions"},"function":{"name":"us-central1-api"},"extension":{},"message":"\u001b[90m> \u001b[39m Node.js v20.8.0\r"}}
[error] i  Request to function failed: Error: socket hang up {"metadata":{"emulator":{"name":"functions"},"function":{"name":"us-central1-api"},"extension":{},"message":"Request to function failed: Error: socket hang up"}}
[debug] [2023-12-04T13:38:18.163Z] [work-queue] {"queuedWork":[],"queueLength":0,"runningWork":[],"workRunningCount":0}
[debug] [2023-12-04T13:38:18.164Z] [worker-us-central1-api-9f093166-f406-4e78-a497-4c7579858811]: exited {"metadata":{"emulator":{"name":"functions"},"function":{"name":"us-central1-api"},"extension":{},"message":"[worker-us-central1-api-9f093166-f406-4e78-a497-4c7579858811]: exited"}}
[debug] [2023-12-04T13:38:18.165Z] [worker-us-central1-api-9f093166-f406-4e78-a497-4c7579858811]: FINISHED {"metadata":{"emulator":{"name":"functions"},"function":{"name":"us-central1-api"},"extension":{},"message":"[worker-us-central1-api-9f093166-f406-4e78-a497-4c7579858811]: FINISHED"}}
