[debug] [2023-11-24T13:56:36.835Z] ----------------------------------------------------------------------
[debug] [2023-11-24T13:56:36.840Z] Command:       C:\Program Files\nodejs\node.exe C:\Users\hp\AppData\Roaming\npm\node_modules\firebase-tools\lib\bin\firebase.js init
[debug] [2023-11-24T13:56:36.841Z] CLI Version:   12.9.1
[debug] [2023-11-24T13:56:36.841Z] Platform:      win32
[debug] [2023-11-24T13:56:36.841Z] Node Version:  v20.8.0
[debug] [2023-11-24T13:56:36.842Z] Time:          Fri Nov 24 2023 19:26:36 GMT+0530 (India Standard Time)
[debug] [2023-11-24T13:56:36.842Z] ----------------------------------------------------------------------
[debug] 
[debug] [2023-11-24T13:56:36.848Z] >>> [apiv2][query] GET https://firebase-public.firebaseio.com/cli.json [none]
[debug] [2023-11-24T13:56:37.072Z] > command requires scopes: ["email","openid","https://www.googleapis.com/auth/cloudplatformprojects.readonly","https://www.googleapis.com/auth/firebase","https://www.googleapis.com/auth/cloud-platform"]
[debug] [2023-11-24T13:56:37.073Z] > authorizing via signed-in user (adelkarshubham47@gmail.com)
[info] 
     ######## #### ########  ######## ########     ###     ######  ########
     ##        ##  ##     ## ##       ##     ##  ##   ##  ##       ##
     ######    ##  ########  ######   ########  #########  ######  ######
     ##        ##  ##    ##  ##       ##     ## ##     ##       ## ##
     ##       #### ##     ## ######## ########  ##     ##  ######  ########

You're about to initialize a Firebase project in this directory:

  C:\Users\hp\OneDrive\Desktop\Web Development\react\amazon-clone

Before we get started, keep in mind:

  * You are initializing within an existing Firebase project directory

[debug] [2023-11-24T13:56:38.701Z] <<< [apiv2][status] GET https://firebase-public.firebaseio.com/cli.json 200
[debug] [2023-11-24T13:56:38.706Z] <<< [apiv2][body] GET https://firebase-public.firebaseio.com/cli.json {"cloudBuildErrorAfter":1594252800000,"cloudBuildWarnAfter":1590019200000,"defaultNode10After":1594252800000,"minVersion":"3.0.5","node8DeploysDisabledAfter":1613390400000,"node8RuntimeDisabledAfter":1615809600000,"node8WarnAfter":1600128000000}
[info] 
=== Project Setup
[info] 
[info] First, let's associate this project directory with a Firebase project.
[info] You can create multiple project aliases by running firebase use --add, 
[info] but for now we'll just set up a default project.
[info] 
[debug] [2023-11-24T13:56:48.489Z] Using project from CLI flag: clone-9beab
[debug] [2023-11-24T13:56:48.490Z] > refreshing access token with scopes: []
[debug] [2023-11-24T13:56:48.492Z] >>> [apiv2][query] POST https://www.googleapis.com/oauth2/v3/token [none]
[debug] [2023-11-24T13:56:48.492Z] >>> [apiv2][body] POST https://www.googleapis.com/oauth2/v3/token [omitted]
[debug] [2023-11-24T13:56:51.258Z] <<< [apiv2][status] POST https://www.googleapis.com/oauth2/v3/token 200
[debug] [2023-11-24T13:56:51.259Z] <<< [apiv2][body] POST https://www.googleapis.com/oauth2/v3/token [omitted]
[debug] [2023-11-24T13:56:51.288Z] >>> [apiv2][query] GET https://firebase.googleapis.com/v1beta1/projects/clone-9beab [none]
[debug] [2023-11-24T13:56:53.740Z] <<< [apiv2][status] GET https://firebase.googleapis.com/v1beta1/projects/clone-9beab 200
[debug] [2023-11-24T13:56:53.741Z] <<< [apiv2][body] GET https://firebase.googleapis.com/v1beta1/projects/clone-9beab {"projectId":"clone-9beab","projectNumber":"769378758558","displayName":"amazon-clone","name":"projects/clone-9beab","resources":{"hostingSite":"clone-9beab"},"state":"ACTIVE","etag":"1_d21659fe-a3bd-4b7d-9b72-9b061ac3a545"}
[info] i  Using project clone-9beab (amazon-clone) 
[info] 
=== Hosting Setup
[debug] [2023-11-24T13:56:53.750Z] >>> [apiv2][query] GET https://firebase.googleapis.com/v1beta1/projects/clone-9beab [none]
[debug] [2023-11-24T13:56:54.556Z] <<< [apiv2][status] GET https://firebase.googleapis.com/v1beta1/projects/clone-9beab 200
[debug] [2023-11-24T13:56:54.556Z] <<< [apiv2][body] GET https://firebase.googleapis.com/v1beta1/projects/clone-9beab {"projectId":"clone-9beab","projectNumber":"769378758558","displayName":"amazon-clone","name":"projects/clone-9beab","resources":{"hostingSite":"clone-9beab"},"state":"ACTIVE","etag":"1_d21659fe-a3bd-4b7d-9b72-9b061ac3a545"}
[info] 
[info] Your public directory is the folder (relative to your project directory) that
[info] will contain Hosting assets to be uploaded with firebase deploy. If you
[info] have a build process for your assets, use your build's output directory.
[info] 
